[    6616ms] [WARNING] Caught a recoverable error. The site is still functional, but might have some UI flickering or degraded page load performance. If you are the author of this website, update external components and check recently added custom code or code overrides to fix the following server/client mismatches:
 Error: Minified React error #418; visit https://reactjs.org/docs/error-decoder.html?invariant=418 for the full message or use the non-minified dev environment for full errors and additional helpful warnings.
    at da (https://framerusercontent.com/sites/2dFpwtmCBvI0c9uq97CznL/react.Lgq6SBg0.mjs:6:4235)
    at cp (https://framerusercontent.com/sites/2dFpwtmCBvI0c9uq97CznL/react.Lgq6SBg0.mjs:8:68280)
    at $s (https://framerusercontent.com/sites/2dFpwtmCBvI0c9uq97CznL/react.Lgq6SBg0.mjs:8:37073)
    at Qs (https://framerusercontent.com/sites/2dFpwtmCBvI0c9uq97CznL/react.Lgq6SBg0.mjs:8:37046)
    at Ls (https://framerusercontent.com/sites/2dFpwtmCBvI0c9uq97CznL/react.Lgq6SBg0.mjs:8:32130)
    at wt (https://framerusercontent.com/sites/2dFpwtmCBvI0c9uq97CznL/react.Lgq6SBg0.mjs:1:10651)
    at MessagePort.Et (https://framerusercontent.com/sites/2dFpwtmCBvI0c9uq97CznL/react.Lgq6SBg0.mjs:1:11006) 
    at a
    at s (https://framerusercontent.com/sites/2dFpwtmCBvI0c9uq97CznL/motion.D93cXIsQ.mjs:9:5440)
    at https://framerusercontent.com/sites/2dFpwtmCBvI0c9uq97CznL/framer.C70jVo_l.mjs:1050:7059
    at Suspense
    at rl (https://framerusercontent.com/sites/2dFpwtmCBvI0c9uq97CznL/framer.C70jVo_l.mjs:65:13566)
    at Wl (https://framerusercontent.com/sites/2dFpwtmCBvI0c9uq97CznL/framer.C70jVo_l.mjs:65:19817)
    at p
    at div
    at s (https://framerusercontent.com/sites/2dFpwtmCBvI0c9uq97CznL/motion.D93cXIsQ.mjs:9:5440)
    at https://framerusercontent.com/sites/2dFpwtmCBvI0c9uq97CznL/framer.C70jVo_l.mjs:1051:38227
    at https://framerusercontent.com/sites/2dFpwtmCBvI0c9uq97CznL/framer.C70jVo_l.mjs:1051:40265
    at https://framerusercontent.com/sites/2dFpwtmCBvI0c9uq97CznL/framer.C70jVo_l.mjs:128:34238
    at https://framerusercontent.com/sites/2dFpwtmCBvI0c9uq97CznL/shared-lib.CK_I1wD7.mjs:2:17952
    at Rx (https://framerusercontent.com/sites/2dFpwtmCBvI0c9uq97CznL/framer.C70jVo_l.mjs:1050:716)
    at Suspense
    at rl (https://framerusercontent.com/sites/2dFpwtmCBvI0c9uq97CznL/framer.C70jVo_l.mjs:65:13566)
    at ll (https://framerusercontent.com/sites/2dFpwtmCBvI0c9uq97CznL/framer.C70jVo_l.mjs:65:14231)
    at cl (https://framerusercontent.com/sites/2dFpwtmCBvI0c9uq97CznL/framer.C70jVo_l.mjs:65:14093)
    at s (https://framerusercontent.com/sites/2dFpwtmCBvI0c9uq97CznL/framer.C70jVo_l.mjs:72:7658)
    at div
    at https://framerusercontent.com/sites/2dFpwtmCBvI0c9uq97CznL/framer.C70jVo_l.mjs:1043:34239
    at https://framerusercontent.com/sites/2dFpwtmCBvI0c9uq97CznL/framer.C70jVo_l.mjs:128:34238
    at div
    at div
    at div
    at s (https://framerusercontent.com/sites/2dFpwtmCBvI0c9uq97CznL/motion.D93cXIsQ.mjs:9:5440)
    at div
    at s (https://framerusercontent.com/sites/2dFpwtmCBvI0c9uq97CznL/motion.D93cXIsQ.mjs:9:5440)
    at zd (https://framerusercontent.com/sites/2dFpwtmCBvI0c9uq97CznL/motion.D93cXIsQ.mjs:9:70504)
    at https://framerusercontent.com/sites/2dFpwtmCBvI0c9uq97CznL/-h5n991sHSlCdK4nk7AdK6DPhL9Kx6-DrRUr33OyDXQ.BdkI3PK1.mjs:4002:211581
    at https://framerusercontent.com/sites/2dFpwtmCBvI0c9uq97CznL/framer.C70jVo_l.mjs:128:34238
    at https://framerusercontent.com/sites/2dFpwtmCBvI0c9uq97CznL/framer.C70jVo_l.mjs:3:757
    at Vu (https://framerusercontent.com/sites/2dFpwtmCBvI0c9uq97CznL/framer.C70jVo_l.mjs:67:6119)
    at Vg (https://framerusercontent.com/sites/2dFpwtmCBvI0c9uq97CznL/framer.C70jVo_l.mjs:128:6116)
    at Suspense
    at rl (https://framerusercontent.com/sites/2dFpwtmCBvI0c9uq97CznL/framer.C70jVo_l.mjs:65:13566)
    at Nx (https://framerusercontent.com/sites/2dFpwtmCBvI0c9uq97CznL/framer.C70jVo_l.mjs:1043:39816)
    at gu (https://framerusercontent.com/sites/2dFpwtmCBvI0c9uq97CznL/framer.C70jVo_l.mjs:65:26936)
    at lr (https://framerusercontent.com/sites/2dFpwtmCBvI0c9uq97CznL/framer.C70jVo_l.mjs:49:6499)
    at Tt (https://framerusercontent.com/sites/2dFpwtmCBvI0c9uq97CznL/framer.C70jVo_l.mjs:3:2957)
    at Bu (https://framerusercontent.com/sites/2dFpwtmCBvI0c9uq97CznL/framer.C70jVo_l.mjs:67:2003)
    at yu (https://framerusercontent.com/sites/2dFpwtmCBvI0c9uq97CznL/framer.C70jVo_l.mjs:65:27755)
    at https://framerusercontent.com/sites/2dFpwtmCBvI0c9uq97CznL/framer.C70jVo_l.mjs:1050:2511
    at https://framerusercontent.com/sites/2dFpwtmCBvI0c9uq97CznL/framer.C70jVo_l.mjs:128:34238
    at tC (https://framerusercontent.com/sites/2dFpwtmCBvI0c9uq97CznL/framer.C70jVo_l.mjs:1050:13282)
    at rn (https://framerusercontent.com/sites/2dFpwtmCBvI0c9uq97CznL/framer.C70jVo_l.mjs:7:7818)
    at na (https://framerusercontent.com/sites/2dFpwtmCBvI0c9uq97CznL/motion.D93cXIsQ.mjs:9:1351)
    at ar (https://framerusercontent.com/sites/2dFpwtmCBvI0c9uq97CznL/framer.C70jVo_l.mjs:49:6139)
    at Zu (https://framerusercontent.com/sites/2dFpwtmCBvI0c9uq97CznL/framer.C70jVo_l.mjs:67:7384)
    at sS (https://framerusercontent.com/sites/2dFpwtmCBvI0c9uq97CznL/framer.C70jVo_l.mjs:1050:5979)
    at Tn (https://framerusercontent.com/sites/2dFpwtmCBvI0c9uq97CznL/framer.C70jVo_l.mjs:7:12567) @ https://framerusercontent.com/sites/2dFpwtmCBvI0c9uq97CznL/script_main.C2BaRGvW.mjs:0
[    6616ms] [WARNING] Caught a recoverable error. The site is still functional, but might have some UI flickering or degraded page load performance. If you are the author of this website, update external components and check recently added custom code or code overrides to fix the following server/client mismatches:
 Error: Minified React error #422; visit https://reactjs.org/docs/error-decoder.html?invariant=422 for the full message or use the non-minified dev environment for full errors and additional helpful warnings.
    at ns (https://framerusercontent.com/sites/2dFpwtmCBvI0c9uq97CznL/react.Lgq6SBg0.mjs:8:8255)
    at $o (https://framerusercontent.com/sites/2dFpwtmCBvI0c9uq97CznL/react.Lgq6SBg0.mjs:8:7196)
    at cp (https://framerusercontent.com/sites/2dFpwtmCBvI0c9uq97CznL/react.Lgq6SBg0.mjs:8:68482)
    at $s (https://framerusercontent.com/sites/2dFpwtmCBvI0c9uq97CznL/react.Lgq6SBg0.mjs:8:37073)
    at Qs (https://framerusercontent.com/sites/2dFpwtmCBvI0c9uq97CznL/react.Lgq6SBg0.mjs:8:37046)
    at Ls (https://framerusercontent.com/sites/2dFpwtmCBvI0c9uq97CznL/react.Lgq6SBg0.mjs:8:32130)
    at wt (https://framerusercontent.com/sites/2dFpwtmCBvI0c9uq97CznL/react.Lgq6SBg0.mjs:1:10651)
    at MessagePort.Et (https://framerusercontent.com/sites/2dFpwtmCBvI0c9uq97CznL/react.Lgq6SBg0.mjs:1:11006) null @ https://framerusercontent.com/sites/2dFpwtmCBvI0c9uq97CznL/script_main.C2BaRGvW.mjs:0
[    6616ms] [WARNING] Caught a recoverable error. The site is still functional, but might have some UI flickering or degraded page load performance. If you are the author of this website, update external components and check recently added custom code or code overrides to fix the following server/client mismatches:
 Error: Minified React error #418; visit https://reactjs.org/docs/error-decoder.html?invariant=418 for the full message or use the non-minified dev environment for full errors and additional helpful warnings.
    at da (https://framerusercontent.com/sites/2dFpwtmCBvI0c9uq97CznL/react.Lgq6SBg0.mjs:6:4235)
    at cp (https://framerusercontent.com/sites/2dFpwtmCBvI0c9uq97CznL/react.Lgq6SBg0.mjs:8:68280)
    at $s (https://framerusercontent.com/sites/2dFpwtmCBvI0c9uq97CznL/react.Lgq6SBg0.mjs:8:37073)
    at Qs (https://framerusercontent.com/sites/2dFpwtmCBvI0c9uq97CznL/react.Lgq6SBg0.mjs:8:37046)
    at Ls (https://framerusercontent.com/sites/2dFpwtmCBvI0c9uq97CznL/react.Lgq6SBg0.mjs:8:32130)
    at wt (https://framerusercontent.com/sites/2dFpwtmCBvI0c9uq97CznL/react.Lgq6SBg0.mjs:1:10651)
    at MessagePort.Et (https://framerusercontent.com/sites/2dFpwtmCBvI0c9uq97CznL/react.Lgq6SBg0.mjs:1:11006) 
    at a
    at s (https://framerusercontent.com/sites/2dFpwtmCBvI0c9uq97CznL/motion.D93cXIsQ.mjs:9:5440)
    at https://framerusercontent.com/sites/2dFpwtmCBvI0c9uq97CznL/framer.C70jVo_l.mjs:1050:7059
    at Suspense
    at rl (https://framerusercontent.com/sites/2dFpwtmCBvI0c9uq97CznL/framer.C70jVo_l.mjs:65:13566)
    at Wl (https://framerusercontent.com/sites/2dFpwtmCBvI0c9uq97CznL/framer.C70jVo_l.mjs:65:19817)
    at p
    at div
    at s (https://framerusercontent.com/sites/2dFpwtmCBvI0c9uq97CznL/motion.D93cXIsQ.mjs:9:5440)
    at https://framerusercontent.com/sites/2dFpwtmCBvI0c9uq97CznL/framer.C70jVo_l.mjs:1051:38227
    at https://framerusercontent.com/sites/2dFpwtmCBvI0c9uq97CznL/framer.C70jVo_l.mjs:1051:40265
    at https://framerusercontent.com/sites/2dFpwtmCBvI0c9uq97CznL/framer.C70jVo_l.mjs:128:34238
    at https://framerusercontent.com/sites/2dFpwtmCBvI0c9uq97CznL/shared-lib.CK_I1wD7.mjs:2:17687
    at Rx (https://framerusercontent.com/sites/2dFpwtmCBvI0c9uq97CznL/framer.C70jVo_l.mjs:1050:716)
    at Suspense
    at rl (https://framerusercontent.com/sites/2dFpwtmCBvI0c9uq97CznL/framer.C70jVo_l.mjs:65:13566)
    at ll (https://framerusercontent.com/sites/2dFpwtmCBvI0c9uq97CznL/framer.C70jVo_l.mjs:65:14231)
    at cl (https://framerusercontent.com/sites/2dFpwtmCBvI0c9uq97CznL/framer.C70jVo_l.mjs:65:14093)
    at s (https://framerusercontent.com/sites/2dFpwtmCBvI0c9uq97CznL/framer.C70jVo_l.mjs:72:7658)
    at div
    at https://framerusercontent.com/sites/2dFpwtmCBvI0c9uq97CznL/framer.C70jVo_l.mjs:1043:34239
    at https://framerusercontent.com/sites/2dFpwtmCBvI0c9uq97CznL/framer.C70jVo_l.mjs:128:34238
    at div
    at div
    at div
    at s (https://framerusercontent.com/sites/2dFpwtmCBvI0c9uq97CznL/motion.D93cXIsQ.mjs:9:5440)
    at div
    at s (https://framerusercontent.com/sites/2dFpwtmCBvI0c9uq97CznL/motion.D93cXIsQ.mjs:9:5440)
    at zd (https://framerusercontent.com/sites/2dFpwtmCBvI0c9uq97CznL/motion.D93cXIsQ.mjs:9:70504)
    at https://framerusercontent.com/sites/2dFpwtmCBvI0c9uq97CznL/-h5n991sHSlCdK4nk7AdK6DPhL9Kx6-DrRUr33OyDXQ.BdkI3PK1.mjs:4002:211581
    at https://framerusercontent.com/sites/2dFpwtmCBvI0c9uq97CznL/framer.C70jVo_l.mjs:128:34238
    at https://framerusercontent.com/sites/2dFpwtmCBvI0c9uq97CznL/framer.C70jVo_l.mjs:3:757
    at Vu (https://framerusercontent.com/sites/2dFpwtmCBvI0c9uq97CznL/framer.C70jVo_l.mjs:67:6119)
    at Vg (https://framerusercontent.com/sites/2dFpwtmCBvI0c9uq97CznL/framer.C70jVo_l.mjs:128:6116)
    at Suspense
    at rl (https://framerusercontent.com/sites/2dFpwtmCBvI0c9uq97CznL/framer.C70jVo_l.mjs:65:13566)
    at Nx (https://framerusercontent.com/sites/2dFpwtmCBvI0c9uq97CznL/framer.C70jVo_l.mjs:1043:39816)
    at gu (https://framerusercontent.com/sites/2dFpwtmCBvI0c9uq97CznL/framer.C70jVo_l.mjs:65:26936)
    at lr (https://framerusercontent.com/sites/2dFpwtmCBvI0c9uq97CznL/framer.C70jVo_l.mjs:49:6499)
    at Tt (https://framerusercontent.com/sites/2dFpwtmCBvI0c9uq97CznL/framer.C70jVo_l.mjs:3:2957)
    at Bu (https://framerusercontent.com/sites/2dFpwtmCBvI0c9uq97CznL/framer.C70jVo_l.mjs:67:2003)
    at yu (https://framerusercontent.com/sites/2dFpwtmCBvI0c9uq97CznL/framer.C70jVo_l.mjs:65:27755)
    at https://framerusercontent.com/sites/2dFpwtmCBvI0c9uq97CznL/framer.C70jVo_l.mjs:1050:2511
    at https://framerusercontent.com/sites/2dFpwtmCBvI0c9uq97CznL/framer.C70jVo_l.mjs:128:34238
    at tC (https://framerusercontent.com/sites/2dFpwtmCBvI0c9uq97CznL/framer.C70jVo_l.mjs:1050:13282)
    at rn (https://framerusercontent.com/sites/2dFpwtmCBvI0c9uq97CznL/framer.C70jVo_l.mjs:7:7818)
    at na (https://framerusercontent.com/sites/2dFpwtmCBvI0c9uq97CznL/motion.D93cXIsQ.mjs:9:1351)
    at ar (https://framerusercontent.com/sites/2dFpwtmCBvI0c9uq97CznL/framer.C70jVo_l.mjs:49:6139)
    at Zu (https://framerusercontent.com/sites/2dFpwtmCBvI0c9uq97CznL/framer.C70jVo_l.mjs:67:7384)
    at sS (https://framerusercontent.com/sites/2dFpwtmCBvI0c9uq97CznL/framer.C70jVo_l.mjs:1050:5979)
    at Tn (https://framerusercontent.com/sites/2dFpwtmCBvI0c9uq97CznL/framer.C70jVo_l.mjs:7:12567) @ https://framerusercontent.com/sites/2dFpwtmCBvI0c9uq97CznL/script_main.C2BaRGvW.mjs:0
[    6616ms] [WARNING] Caught a recoverable error. The site is still functional, but might have some UI flickering or degraded page load performance. If you are the author of this website, update external components and check recently added custom code or code overrides to fix the following server/client mismatches:
 Error: Minified React error #422; visit https://reactjs.org/docs/error-decoder.html?invariant=422 for the full message or use the non-minified dev environment for full errors and additional helpful warnings.
    at ns (https://framerusercontent.com/sites/2dFpwtmCBvI0c9uq97CznL/react.Lgq6SBg0.mjs:8:8255)
    at $o (https://framerusercontent.com/sites/2dFpwtmCBvI0c9uq97CznL/react.Lgq6SBg0.mjs:8:7196)
    at cp (https://framerusercontent.com/sites/2dFpwtmCBvI0c9uq97CznL/react.Lgq6SBg0.mjs:8:68482)
    at $s (https://framerusercontent.com/sites/2dFpwtmCBvI0c9uq97CznL/react.Lgq6SBg0.mjs:8:37073)
    at Qs (https://framerusercontent.com/sites/2dFpwtmCBvI0c9uq97CznL/react.Lgq6SBg0.mjs:8:37046)
    at Ls (https://framerusercontent.com/sites/2dFpwtmCBvI0c9uq97CznL/react.Lgq6SBg0.mjs:8:32130)
    at wt (https://framerusercontent.com/sites/2dFpwtmCBvI0c9uq97CznL/react.Lgq6SBg0.mjs:1:10651)
    at MessagePort.Et (https://framerusercontent.com/sites/2dFpwtmCBvI0c9uq97CznL/react.Lgq6SBg0.mjs:1:11006) null @ https://framerusercontent.com/sites/2dFpwtmCBvI0c9uq97CznL/script_main.C2BaRGvW.mjs:0
[    6616ms] [WARNING] Caught a recoverable error. The site is still functional, but might have some UI flickering or degraded page load performance. If you are the author of this website, update external components and check recently added custom code or code overrides to fix the following server/client mismatches:
 Error: Minified React error #418; visit https://reactjs.org/docs/error-decoder.html?invariant=418 for the full message or use the non-minified dev environment for full errors and additional helpful warnings.
    at da (https://framerusercontent.com/sites/2dFpwtmCBvI0c9uq97CznL/react.Lgq6SBg0.mjs:6:4235)
    at cp (https://framerusercontent.com/sites/2dFpwtmCBvI0c9uq97CznL/react.Lgq6SBg0.mjs:8:68280)
    at $s (https://framerusercontent.com/sites/2dFpwtmCBvI0c9uq97CznL/react.Lgq6SBg0.mjs:8:37073)
    at Qs (https://framerusercontent.com/sites/2dFpwtmCBvI0c9uq97CznL/react.Lgq6SBg0.mjs:8:37046)
    at Ls (https://framerusercontent.com/sites/2dFpwtmCBvI0c9uq97CznL/react.Lgq6SBg0.mjs:8:32130)
    at wt (https://framerusercontent.com/sites/2dFpwtmCBvI0c9uq97CznL/react.Lgq6SBg0.mjs:1:10651)
    at MessagePort.Et (https://framerusercontent.com/sites/2dFpwtmCBvI0c9uq97CznL/react.Lgq6SBg0.mjs:1:11006) 
    at a
    at s (https://framerusercontent.com/sites/2dFpwtmCBvI0c9uq97CznL/motion.D93cXIsQ.mjs:9:5440)
    at https://framerusercontent.com/sites/2dFpwtmCBvI0c9uq97CznL/framer.C70jVo_l.mjs:1050:7059
    at Suspense
    at rl (https://framerusercontent.com/sites/2dFpwtmCBvI0c9uq97CznL/framer.C70jVo_l.mjs:65:13566)
    at Wl (https://framerusercontent.com/sites/2dFpwtmCBvI0c9uq97CznL/framer.C70jVo_l.mjs:65:19817)
    at p
    at div
    at s (https://framerusercontent.com/sites/2dFpwtmCBvI0c9uq97CznL/motion.D93cXIsQ.mjs:9:5440)
    at https://framerusercontent.com/sites/2dFpwtmCBvI0c9uq97CznL/framer.C70jVo_l.mjs:1051:38227
    at https://framerusercontent.com/sites/2dFpwtmCBvI0c9uq97CznL/framer.C70jVo_l.mjs:1051:40265
    at https://framerusercontent.com/sites/2dFpwtmCBvI0c9uq97CznL/framer.C70jVo_l.mjs:128:34238
    at https://framerusercontent.com/sites/2dFpwtmCBvI0c9uq97CznL/shared-lib.CK_I1wD7.mjs:2:17687
    at Rx (https://framerusercontent.com/sites/2dFpwtmCBvI0c9uq97CznL/framer.C70jVo_l.mjs:1050:716)
    at Suspense
    at rl (https://framerusercontent.com/sites/2dFpwtmCBvI0c9uq97CznL/framer.C70jVo_l.mjs:65:13566)
    at ll (https://framerusercontent.com/sites/2dFpwtmCBvI0c9uq97CznL/framer.C70jVo_l.mjs:65:14231)
    at cl (https://framerusercontent.com/sites/2dFpwtmCBvI0c9uq97CznL/framer.C70jVo_l.mjs:65:14093)
    at s (https://framerusercontent.com/sites/2dFpwtmCBvI0c9uq97CznL/framer.C70jVo_l.mjs:72:7658)
    at div
    at https://framerusercontent.com/sites/2dFpwtmCBvI0c9uq97CznL/framer.C70jVo_l.mjs:1043:34239
    at https://framerusercontent.com/sites/2dFpwtmCBvI0c9uq97CznL/framer.C70jVo_l.mjs:128:34238
    at div
    at div
    at div
    at s (https://framerusercontent.com/sites/2dFpwtmCBvI0c9uq97CznL/motion.D93cXIsQ.mjs:9:5440)
    at div
    at s (https://framerusercontent.com/sites/2dFpwtmCBvI0c9uq97CznL/motion.D93cXIsQ.mjs:9:5440)
    at zd (https://framerusercontent.com/sites/2dFpwtmCBvI0c9uq97CznL/motion.D93cXIsQ.mjs:9:70504)
    at https://framerusercontent.com/sites/2dFpwtmCBvI0c9uq97CznL/-h5n991sHSlCdK4nk7AdK6DPhL9Kx6-DrRUr33OyDXQ.BdkI3PK1.mjs:4002:211581
    at https://framerusercontent.com/sites/2dFpwtmCBvI0c9uq97CznL/framer.C70jVo_l.mjs:128:34238
    at https://framerusercontent.com/sites/2dFpwtmCBvI0c9uq97CznL/framer.C70jVo_l.mjs:3:757
    at Vu (https://framerusercontent.com/sites/2dFpwtmCBvI0c9uq97CznL/framer.C70jVo_l.mjs:67:6119)
    at Vg (https://framerusercontent.com/sites/2dFpwtmCBvI0c9uq97CznL/framer.C70jVo_l.mjs:128:6116)
    at Suspense
    at rl (https://framerusercontent.com/sites/2dFpwtmCBvI0c9uq97CznL/framer.C70jVo_l.mjs:65:13566)
    at Nx (https://framerusercontent.com/sites/2dFpwtmCBvI0c9uq97CznL/framer.C70jVo_l.mjs:1043:39816)
    at gu (https://framerusercontent.com/sites/2dFpwtmCBvI0c9uq97CznL/framer.C70jVo_l.mjs:65:26936)
    at lr (https://framerusercontent.com/sites/2dFpwtmCBvI0c9uq97CznL/framer.C70jVo_l.mjs:49:6499)
    at Tt (https://framerusercontent.com/sites/2dFpwtmCBvI0c9uq97CznL/framer.C70jVo_l.mjs:3:2957)
    at Bu (https://framerusercontent.com/sites/2dFpwtmCBvI0c9uq97CznL/framer.C70jVo_l.mjs:67:2003)
    at yu (https://framerusercontent.com/sites/2dFpwtmCBvI0c9uq97CznL/framer.C70jVo_l.mjs:65:27755)
    at https://framerusercontent.com/sites/2dFpwtmCBvI0c9uq97CznL/framer.C70jVo_l.mjs:1050:2511
    at https://framerusercontent.com/sites/2dFpwtmCBvI0c9uq97CznL/framer.C70jVo_l.mjs:128:34238
    at tC (https://framerusercontent.com/sites/2dFpwtmCBvI0c9uq97CznL/framer.C70jVo_l.mjs:1050:13282)
    at rn (https://framerusercontent.com/sites/2dFpwtmCBvI0c9uq97CznL/framer.C70jVo_l.mjs:7:7818)
    at na (https://framerusercontent.com/sites/2dFpwtmCBvI0c9uq97CznL/motion.D93cXIsQ.mjs:9:1351)
    at ar (https://framerusercontent.com/sites/2dFpwtmCBvI0c9uq97CznL/framer.C70jVo_l.mjs:49:6139)
    at Zu (https://framerusercontent.com/sites/2dFpwtmCBvI0c9uq97CznL/framer.C70jVo_l.mjs:67:7384)
    at sS (https://framerusercontent.com/sites/2dFpwtmCBvI0c9uq97CznL/framer.C70jVo_l.mjs:1050:5979)
    at Tn (https://framerusercontent.com/sites/2dFpwtmCBvI0c9uq97CznL/framer.C70jVo_l.mjs:7:12567) @ https://framerusercontent.com/sites/2dFpwtmCBvI0c9uq97CznL/script_main.C2BaRGvW.mjs:0
[    6616ms] [WARNING] Caught a recoverable error. The site is still functional, but might have some UI flickering or degraded page load performance. If you are the author of this website, update external components and check recently added custom code or code overrides to fix the following server/client mismatches:
 Error: Minified React error #422; visit https://reactjs.org/docs/error-decoder.html?invariant=422 for the full message or use the non-minified dev environment for full errors and additional helpful warnings.
    at ns (https://framerusercontent.com/sites/2dFpwtmCBvI0c9uq97CznL/react.Lgq6SBg0.mjs:8:8255)
    at $o (https://framerusercontent.com/sites/2dFpwtmCBvI0c9uq97CznL/react.Lgq6SBg0.mjs:8:7196)
    at cp (https://framerusercontent.com/sites/2dFpwtmCBvI0c9uq97CznL/react.Lgq6SBg0.mjs:8:68482)
    at $s (https://framerusercontent.com/sites/2dFpwtmCBvI0c9uq97CznL/react.Lgq6SBg0.mjs:8:37073)
    at Qs (https://framerusercontent.com/sites/2dFpwtmCBvI0c9uq97CznL/react.Lgq6SBg0.mjs:8:37046)
    at Ls (https://framerusercontent.com/sites/2dFpwtmCBvI0c9uq97CznL/react.Lgq6SBg0.mjs:8:32130)
    at wt (https://framerusercontent.com/sites/2dFpwtmCBvI0c9uq97CznL/react.Lgq6SBg0.mjs:1:10651)
    at MessagePort.Et (https://framerusercontent.com/sites/2dFpwtmCBvI0c9uq97CznL/react.Lgq6SBg0.mjs:1:11006) null @ https://framerusercontent.com/sites/2dFpwtmCBvI0c9uq97CznL/script_main.C2BaRGvW.mjs:0
[    6618ms] [ERROR] NotFoundError: Failed to execute 'removeChild' on 'Node': The node to be removed is not a child of this node.
    at Bi (https://framerusercontent.com/sites/2dFpwtmCBvI0c9uq97CznL/react.Lgq6SBg0.mjs:6:434)
    at ws (https://framerusercontent.com/sites/2dFpwtmCBvI0c9uq97CznL/react.Lgq6SBg0.mjs:8:24005)
    at Es (https://framerusercontent.com/sites/2dFpwtmCBvI0c9uq97CznL/react.Lgq6SBg0.mjs:8:25143)
    at Ds (https://framerusercontent.com/sites/2dFpwtmCBvI0c9uq97CznL/react.Lgq6SBg0.mjs:8:26738)
    at Es (https://framerusercontent.com/sites/2dFpwtmCBvI0c9uq97CznL/react.Lgq6SBg0.mjs:8:25291)
    at Ds (https://framerusercontent.com/sites/2dFpwtmCBvI0c9uq97CznL/react.Lgq6SBg0.mjs:8:25404)
    at Es (https://framerusercontent.com/sites/2dFpwtmCBvI0c9uq97CznL/react.Lgq6SBg0.mjs:8:25291)
    at Ds (https://framerusercontent.com/sites/2dFpwtmCBvI0c9uq97CznL/react.Lgq6SBg0.mjs:8:25404)
    at Es (https://framerusercontent.com/sites/2dFpwtmCBvI0c9uq97CznL/react.Lgq6SBg0.mjs:8:25291)
    at Ds (https://framerusercontent.com/sites/2dFpwtmCBvI0c9uq97CznL/react.Lgq6SBg0.mjs:8:25404) @ https://framerusercontent.com/sites/2dFpwtmCBvI0c9uq97CznL/-h5n991sHSlCdK4nk7AdK6DPhL9Kx6-DrRUr33OyDXQ.BdkI3PK1.mjs:3769
[    6618ms] [ERROR] A code override crashed while rendering due to the error above. To find and fix it, open the project in the editor → open Quick Actions (press Cmd+K or Ctrl+K) → paste this: code-crash:jgLIi1sl7:gxzGAuMpy → click “Show Layer”. 
    at Suspense
    at rl (https://framerusercontent.com/sites/2dFpwtmCBvI0c9uq97CznL/framer.C70jVo_l.mjs:65:13566)
    at Wl (https://framerusercontent.com/sites/2dFpwtmCBvI0c9uq97CznL/framer.C70jVo_l.mjs:65:19817)
    at p
    at div
    at Es (https://framerusercontent.com/sites/2dFpwtmCBvI0c9uq97CznL/react.Lgq6SBg0.mjs:8:25233)
    at https://framerusercontent.com/sites/2dFpwtmCBvI0c9uq97CznL/framer.C70jVo_l.mjs:1051:38227
    at https://framerusercontent.com/sites/2dFpwtmCBvI0c9uq97CznL/framer.C70jVo_l.mjs:1051:40265
    at Es (https://framerusercontent.com/sites/2dFpwtmCBvI0c9uq97CznL/react.Lgq6SBg0.mjs:8:25233)
    at Es (https://framerusercontent.com/sites/2dFpwtmCBvI0c9uq97CznL/react.Lgq6SBg0.mjs:8:25233)
    at Es (https://framerusercontent.com/sites/2dFpwtmCBvI0c9uq97CznL/react.Lgq6SBg0.mjs:8:25233)
    at Suspense
    at rl (https://framerusercontent.com/sites/2dFpwtmCBvI0c9uq97CznL/framer.C70jVo_l.mjs:65:13566)
    at ll (https://framerusercontent.com/sites/2dFpwtmCBvI0c9uq97CznL/framer.C70jVo_l.mjs:65:14231)
    at cl (https://framerusercontent.com/sites/2dFpwtmCBvI0c9uq97CznL/framer.C70jVo_l.mjs:65:14093)
    at s (https://framerusercontent.com/sites/2dFpwtmCBvI0c9uq97CznL/framer.C70jVo_l.mjs:72:7658)
    at div
    at https://framerusercontent.com/sites/2dFpwtmCBvI0c9uq97CznL/framer.C70jVo_l.mjs:1043:34239
    at Es (https://framerusercontent.com/sites/2dFpwtmCBvI0c9uq97CznL/react.Lgq6SBg0.mjs:8:25233)
    at div
    at div
    at div
    at Es (https://framerusercontent.com/sites/2dFpwtmCBvI0c9uq97CznL/react.Lgq6SBg0.mjs:8:25233)
    at div
    at Es (https://framerusercontent.com/sites/2dFpwtmCBvI0c9uq97CznL/react.Lgq6SBg0.mjs:8:25233)
    at zd (https://framerusercontent.com/sites/2dFpwtmCBvI0c9uq97CznL/motion.D93cXIsQ.mjs:9:70504)
    at Es (https://framerusercontent.com/sites/2dFpwtmCBvI0c9uq97CznL/react.Lgq6SBg0.mjs:8:25233)
    at Es (https://framerusercontent.com/sites/2dFpwtmCBvI0c9uq97CznL/react.Lgq6SBg0.mjs:8:25233)
    at Es (https://framerusercontent.com/sites/2dFpwtmCBvI0c9uq97CznL/react.Lgq6SBg0.mjs:8:25233)
    at Vu (https://framerusercontent.com/sites/2dFpwtmCBvI0c9uq97CznL/framer.C70jVo_l.mjs:67:6119)
    at Es (https://framerusercontent.com/sites/2dFpwtmCBvI0c9uq97CznL/react.Lgq6SBg0.mjs:8:25233)
    at Suspense
    at rl (https://framerusercontent.com/sites/2dFpwtmCBvI0c9uq97CznL/framer.C70jVo_l.mjs:65:13566)
    at Es (https://framerusercontent.com/sites/2dFpwtmCBvI0c9uq97CznL/react.Lgq6SBg0.mjs:8:25233)
    at gu (https://framerusercontent.com/sites/2dFpwtmCBvI0c9uq97CznL/framer.C70jVo_l.mjs:65:26936)
    at lr (https://framerusercontent.com/sites/2dFpwtmCBvI0c9uq97CznL/framer.C70jVo_l.mjs:49:6499)
    at Tt (https://framerusercontent.com/sites/2dFpwtmCBvI0c9uq97CznL/framer.C70jVo_l.mjs:3:2957)
    at Bu (https://framerusercontent.com/sites/2dFpwtmCBvI0c9uq97CznL/framer.C70jVo_l.mjs:67:2003)
    at yu (https://framerusercontent.com/sites/2dFpwtmCBvI0c9uq97CznL/framer.C70jVo_l.mjs:65:27755)
    at https://framerusercontent.com/sites/2dFpwtmCBvI0c9uq97CznL/framer.C70jVo_l.mjs:1050:2511
    at Es (https://framerusercontent.com/sites/2dFpwtmCBvI0c9uq97CznL/react.Lgq6SBg0.mjs:8:25233)
    at tC (https://framerusercontent.com/sites/2dFpwtmCBvI0c9uq97CznL/framer.C70jVo_l.mjs:1050:13282)
    at rn (https://framerusercontent.com/sites/2dFpwtmCBvI0c9uq97CznL/framer.C70jVo_l.mjs:7:7818)
    at na (https://framerusercontent.com/sites/2dFpwtmCBvI0c9uq97CznL/motion.D93cXIsQ.mjs:9:1351)
    at ar (https://framerusercontent.com/sites/2dFpwtmCBvI0c9uq97CznL/framer.C70jVo_l.mjs:49:6139)
    at Zu (https://framerusercontent.com/sites/2dFpwtmCBvI0c9uq97CznL/framer.C70jVo_l.mjs:67:7384)
    at Es (https://framerusercontent.com/sites/2dFpwtmCBvI0c9uq97CznL/react.Lgq6SBg0.mjs:8:25233)
    at Tn (https://framerusercontent.com/sites/2dFpwtmCBvI0c9uq97CznL/framer.C70jVo_l.mjs:7:12567) @ https://framerusercontent.com/sites/2dFpwtmCBvI0c9uq97CznL/-h5n991sHSlCdK4nk7AdK6DPhL9Kx6-DrRUr33OyDXQ.BdkI3PK1.mjs:3769
[    6618ms] [ERROR] NotFoundError: Failed to execute 'removeChild' on 'Node': The node to be removed is not a child of this node.
    at Bi (https://framerusercontent.com/sites/2dFpwtmCBvI0c9uq97CznL/react.Lgq6SBg0.mjs:6:434)
    at ws (https://framerusercontent.com/sites/2dFpwtmCBvI0c9uq97CznL/react.Lgq6SBg0.mjs:8:24005)
    at Es (https://framerusercontent.com/sites/2dFpwtmCBvI0c9uq97CznL/react.Lgq6SBg0.mjs:8:25143)
    at Ds (https://framerusercontent.com/sites/2dFpwtmCBvI0c9uq97CznL/react.Lgq6SBg0.mjs:8:26738)
    at Es (https://framerusercontent.com/sites/2dFpwtmCBvI0c9uq97CznL/react.Lgq6SBg0.mjs:8:25291)
    at Ds (https://framerusercontent.com/sites/2dFpwtmCBvI0c9uq97CznL/react.Lgq6SBg0.mjs:8:25404)
    at Es (https://framerusercontent.com/sites/2dFpwtmCBvI0c9uq97CznL/react.Lgq6SBg0.mjs:8:25291)
    at Ds (https://framerusercontent.com/sites/2dFpwtmCBvI0c9uq97CznL/react.Lgq6SBg0.mjs:8:25404)
    at Es (https://framerusercontent.com/sites/2dFpwtmCBvI0c9uq97CznL/react.Lgq6SBg0.mjs:8:25291)
    at Ds (https://framerusercontent.com/sites/2dFpwtmCBvI0c9uq97CznL/react.Lgq6SBg0.mjs:8:25404) @ https://framerusercontent.com/sites/2dFpwtmCBvI0c9uq97CznL/-h5n991sHSlCdK4nk7AdK6DPhL9Kx6-DrRUr33OyDXQ.BdkI3PK1.mjs:3769
[    6618ms] [ERROR] A code override crashed while rendering due to the error above. To find and fix it, open the project in the editor → open Quick Actions (press Cmd+K or Ctrl+K) → paste this: code-crash:jgLIi1sl7:SM1H4DyHt → click “Show Layer”. 
    at Suspense
    at rl (https://framerusercontent.com/sites/2dFpwtmCBvI0c9uq97CznL/framer.C70jVo_l.mjs:65:13566)
    at Wl (https://framerusercontent.com/sites/2dFpwtmCBvI0c9uq97CznL/framer.C70jVo_l.mjs:65:19817)
    at p
    at div
    at Es (https://framerusercontent.com/sites/2dFpwtmCBvI0c9uq97CznL/react.Lgq6SBg0.mjs:8:25233)
    at https://framerusercontent.com/sites/2dFpwtmCBvI0c9uq97CznL/framer.C70jVo_l.mjs:1051:38227
    at https://framerusercontent.com/sites/2dFpwtmCBvI0c9uq97CznL/framer.C70jVo_l.mjs:1051:40265
    at Es (https://framerusercontent.com/sites/2dFpwtmCBvI0c9uq97CznL/react.Lgq6SBg0.mjs:8:25233)
    at Es (https://framerusercontent.com/sites/2dFpwtmCBvI0c9uq97CznL/react.Lgq6SBg0.mjs:8:25233)
    at Es (https://framerusercontent.com/sites/2dFpwtmCBvI0c9uq97CznL/react.Lgq6SBg0.mjs:8:25233)
    at Suspense
    at rl (https://framerusercontent.com/sites/2dFpwtmCBvI0c9uq97CznL/framer.C70jVo_l.mjs:65:13566)
    at ll (https://framerusercontent.com/sites/2dFpwtmCBvI0c9uq97CznL/framer.C70jVo_l.mjs:65:14231)
    at cl (https://framerusercontent.com/sites/2dFpwtmCBvI0c9uq97CznL/framer.C70jVo_l.mjs:65:14093)
    at s (https://framerusercontent.com/sites/2dFpwtmCBvI0c9uq97CznL/framer.C70jVo_l.mjs:72:7658)
    at div
    at https://framerusercontent.com/sites/2dFpwtmCBvI0c9uq97CznL/framer.C70jVo_l.mjs:1043:34239
    at Es (https://framerusercontent.com/sites/2dFpwtmCBvI0c9uq97CznL/react.Lgq6SBg0.mjs:8:25233)
    at div
    at div
    at div
    at Es (https://framerusercontent.com/sites/2dFpwtmCBvI0c9uq97CznL/react.Lgq6SBg0.mjs:8:25233)
    at div
    at Es (https://framerusercontent.com/sites/2dFpwtmCBvI0c9uq97CznL/react.Lgq6SBg0.mjs:8:25233)
    at zd (https://framerusercontent.com/sites/2dFpwtmCBvI0c9uq97CznL/motion.D93cXIsQ.mjs:9:70504)
    at Es (https://framerusercontent.com/sites/2dFpwtmCBvI0c9uq97CznL/react.Lgq6SBg0.mjs:8:25233)
    at Es (https://framerusercontent.com/sites/2dFpwtmCBvI0c9uq97CznL/react.Lgq6SBg0.mjs:8:25233)
    at Es (https://framerusercontent.com/sites/2dFpwtmCBvI0c9uq97CznL/react.Lgq6SBg0.mjs:8:25233)
    at Vu (https://framerusercontent.com/sites/2dFpwtmCBvI0c9uq97CznL/framer.C70jVo_l.mjs:67:6119)
    at Es (https://framerusercontent.com/sites/2dFpwtmCBvI0c9uq97CznL/react.Lgq6SBg0.mjs:8:25233)
    at Suspense
    at rl (https://framerusercontent.com/sites/2dFpwtmCBvI0c9uq97CznL/framer.C70jVo_l.mjs:65:13566)
    at Es (https://framerusercontent.com/sites/2dFpwtmCBvI0c9uq97CznL/react.Lgq6SBg0.mjs:8:25233)
    at gu (https://framerusercontent.com/sites/2dFpwtmCBvI0c9uq97CznL/framer.C70jVo_l.mjs:65:26936)
    at lr (https://framerusercontent.com/sites/2dFpwtmCBvI0c9uq97CznL/framer.C70jVo_l.mjs:49:6499)
    at Tt (https://framerusercontent.com/sites/2dFpwtmCBvI0c9uq97CznL/framer.C70jVo_l.mjs:3:2957)
    at Bu (https://framerusercontent.com/sites/2dFpwtmCBvI0c9uq97CznL/framer.C70jVo_l.mjs:67:2003)
    at yu (https://framerusercontent.com/sites/2dFpwtmCBvI0c9uq97CznL/framer.C70jVo_l.mjs:65:27755)
    at https://framerusercontent.com/sites/2dFpwtmCBvI0c9uq97CznL/framer.C70jVo_l.mjs:1050:2511
    at Es (https://framerusercontent.com/sites/2dFpwtmCBvI0c9uq97CznL/react.Lgq6SBg0.mjs:8:25233)
    at tC (https://framerusercontent.com/sites/2dFpwtmCBvI0c9uq97CznL/framer.C70jVo_l.mjs:1050:13282)
    at rn (https://framerusercontent.com/sites/2dFpwtmCBvI0c9uq97CznL/framer.C70jVo_l.mjs:7:7818)
    at na (https://framerusercontent.com/sites/2dFpwtmCBvI0c9uq97CznL/motion.D93cXIsQ.mjs:9:1351)
    at ar (https://framerusercontent.com/sites/2dFpwtmCBvI0c9uq97CznL/framer.C70jVo_l.mjs:49:6139)
    at Zu (https://framerusercontent.com/sites/2dFpwtmCBvI0c9uq97CznL/framer.C70jVo_l.mjs:67:7384)
    at Es (https://framerusercontent.com/sites/2dFpwtmCBvI0c9uq97CznL/react.Lgq6SBg0.mjs:8:25233)
    at Tn (https://framerusercontent.com/sites/2dFpwtmCBvI0c9uq97CznL/framer.C70jVo_l.mjs:7:12567) @ https://framerusercontent.com/sites/2dFpwtmCBvI0c9uq97CznL/-h5n991sHSlCdK4nk7AdK6DPhL9Kx6-DrRUr33OyDXQ.BdkI3PK1.mjs:3769
[    6618ms] [ERROR] NotFoundError: Failed to execute 'removeChild' on 'Node': The node to be removed is not a child of this node.
    at Bi (https://framerusercontent.com/sites/2dFpwtmCBvI0c9uq97CznL/react.Lgq6SBg0.mjs:6:434)
    at ws (https://framerusercontent.com/sites/2dFpwtmCBvI0c9uq97CznL/react.Lgq6SBg0.mjs:8:24005)
    at Es (https://framerusercontent.com/sites/2dFpwtmCBvI0c9uq97CznL/react.Lgq6SBg0.mjs:8:25143)
    at Ds (https://framerusercontent.com/sites/2dFpwtmCBvI0c9uq97CznL/react.Lgq6SBg0.mjs:8:26738)
    at Es (https://framerusercontent.com/sites/2dFpwtmCBvI0c9uq97CznL/react.Lgq6SBg0.mjs:8:25291)
    at Ds (https://framerusercontent.com/sites/2dFpwtmCBvI0c9uq97CznL/react.Lgq6SBg0.mjs:8:25404)
    at Es (https://framerusercontent.com/sites/2dFpwtmCBvI0c9uq97CznL/react.Lgq6SBg0.mjs:8:25291)
    at Ds (https://framerusercontent.com/sites/2dFpwtmCBvI0c9uq97CznL/react.Lgq6SBg0.mjs:8:25404)
    at Es (https://framerusercontent.com/sites/2dFpwtmCBvI0c9uq97CznL/react.Lgq6SBg0.mjs:8:25291)
    at Ds (https://framerusercontent.com/sites/2dFpwtmCBvI0c9uq97CznL/react.Lgq6SBg0.mjs:8:25404) @ https://framerusercontent.com/sites/2dFpwtmCBvI0c9uq97CznL/-h5n991sHSlCdK4nk7AdK6DPhL9Kx6-DrRUr33OyDXQ.BdkI3PK1.mjs:3769
[    6619ms] [ERROR] A code override crashed while rendering due to the error above. To find and fix it, open the project in the editor → open Quick Actions (press Cmd+K or Ctrl+K) → paste this: code-crash:jgLIi1sl7:GuZeln7Ck → click “Show Layer”. 
    at Suspense
    at rl (https://framerusercontent.com/sites/2dFpwtmCBvI0c9uq97CznL/framer.C70jVo_l.mjs:65:13566)
    at Wl (https://framerusercontent.com/sites/2dFpwtmCBvI0c9uq97CznL/framer.C70jVo_l.mjs:65:19817)
    at p
    at div
    at Es (https://framerusercontent.com/sites/2dFpwtmCBvI0c9uq97CznL/react.Lgq6SBg0.mjs:8:25233)
    at https://framerusercontent.com/sites/2dFpwtmCBvI0c9uq97CznL/framer.C70jVo_l.mjs:1051:38227
    at https://framerusercontent.com/sites/2dFpwtmCBvI0c9uq97CznL/framer.C70jVo_l.mjs:1051:40265
    at Es (https://framerusercontent.com/sites/2dFpwtmCBvI0c9uq97CznL/react.Lgq6SBg0.mjs:8:25233)
    at Es (https://framerusercontent.com/sites/2dFpwtmCBvI0c9uq97CznL/react.Lgq6SBg0.mjs:8:25233)
    at Es (https://framerusercontent.com/sites/2dFpwtmCBvI0c9uq97CznL/react.Lgq6SBg0.mjs:8:25233)
    at Suspense
    at rl (https://framerusercontent.com/sites/2dFpwtmCBvI0c9uq97CznL/framer.C70jVo_l.mjs:65:13566)
    at ll (https://framerusercontent.com/sites/2dFpwtmCBvI0c9uq97CznL/framer.C70jVo_l.mjs:65:14231)
    at cl (https://framerusercontent.com/sites/2dFpwtmCBvI0c9uq97CznL/framer.C70jVo_l.mjs:65:14093)
    at s (https://framerusercontent.com/sites/2dFpwtmCBvI0c9uq97CznL/framer.C70jVo_l.mjs:72:7658)
    at div
    at https://framerusercontent.com/sites/2dFpwtmCBvI0c9uq97CznL/framer.C70jVo_l.mjs:1043:34239
    at Es (https://framerusercontent.com/sites/2dFpwtmCBvI0c9uq97CznL/react.Lgq6SBg0.mjs:8:25233)
    at div
    at div
    at div
    at Es (https://framerusercontent.com/sites/2dFpwtmCBvI0c9uq97CznL/react.Lgq6SBg0.mjs:8:25233)
    at div
    at Es (https://framerusercontent.com/sites/2dFpwtmCBvI0c9uq97CznL/react.Lgq6SBg0.mjs:8:25233)
    at zd (https://framerusercontent.com/sites/2dFpwtmCBvI0c9uq97CznL/motion.D93cXIsQ.mjs:9:70504)
    at Es (https://framerusercontent.com/sites/2dFpwtmCBvI0c9uq97CznL/react.Lgq6SBg0.mjs:8:25233)
    at Es (https://framerusercontent.com/sites/2dFpwtmCBvI0c9uq97CznL/react.Lgq6SBg0.mjs:8:25233)
    at Es (https://framerusercontent.com/sites/2dFpwtmCBvI0c9uq97CznL/react.Lgq6SBg0.mjs:8:25233)
    at Vu (https://framerusercontent.com/sites/2dFpwtmCBvI0c9uq97CznL/framer.C70jVo_l.mjs:67:6119)
    at Es (https://framerusercontent.com/sites/2dFpwtmCBvI0c9uq97CznL/react.Lgq6SBg0.mjs:8:25233)
    at Suspense
    at rl (https://framerusercontent.com/sites/2dFpwtmCBvI0c9uq97CznL/framer.C70jVo_l.mjs:65:13566)
    at Es (https://framerusercontent.com/sites/2dFpwtmCBvI0c9uq97CznL/react.Lgq6SBg0.mjs:8:25233)
    at gu (https://framerusercontent.com/sites/2dFpwtmCBvI0c9uq97CznL/framer.C70jVo_l.mjs:65:26936)
    at lr (https://framerusercontent.com/sites/2dFpwtmCBvI0c9uq97CznL/framer.C70jVo_l.mjs:49:6499)
    at Tt (https://framerusercontent.com/sites/2dFpwtmCBvI0c9uq97CznL/framer.C70jVo_l.mjs:3:2957)
    at Bu (https://framerusercontent.com/sites/2dFpwtmCBvI0c9uq97CznL/framer.C70jVo_l.mjs:67:2003)
    at yu (https://framerusercontent.com/sites/2dFpwtmCBvI0c9uq97CznL/framer.C70jVo_l.mjs:65:27755)
    at https://framerusercontent.com/sites/2dFpwtmCBvI0c9uq97CznL/framer.C70jVo_l.mjs:1050:2511
    at Es (https://framerusercontent.com/sites/2dFpwtmCBvI0c9uq97CznL/react.Lgq6SBg0.mjs:8:25233)
    at tC (https://framerusercontent.com/sites/2dFpwtmCBvI0c9uq97CznL/framer.C70jVo_l.mjs:1050:13282)
    at rn (https://framerusercontent.com/sites/2dFpwtmCBvI0c9uq97CznL/framer.C70jVo_l.mjs:7:7818)
    at na (https://framerusercontent.com/sites/2dFpwtmCBvI0c9uq97CznL/motion.D93cXIsQ.mjs:9:1351)
    at ar (https://framerusercontent.com/sites/2dFpwtmCBvI0c9uq97CznL/framer.C70jVo_l.mjs:49:6139)
    at Zu (https://framerusercontent.com/sites/2dFpwtmCBvI0c9uq97CznL/framer.C70jVo_l.mjs:67:7384)
    at Es (https://framerusercontent.com/sites/2dFpwtmCBvI0c9uq97CznL/react.Lgq6SBg0.mjs:8:25233)
    at Tn (https://framerusercontent.com/sites/2dFpwtmCBvI0c9uq97CznL/framer.C70jVo_l.mjs:7:12567) @ https://framerusercontent.com/sites/2dFpwtmCBvI0c9uq97CznL/-h5n991sHSlCdK4nk7AdK6DPhL9Kx6-DrRUr33OyDXQ.BdkI3PK1.mjs:3769
